[30-May-2017 07:18:50 UTC] PHP Warning:  file_exists(): open_basedir restriction in effect. File(../running_app/application/config/config.development.php) is not within the allowed path(s): (D:/Inetpub/vhosts/walkrun.eng.kmutnb.ac.th\;C:\Windows\Temp\) in D:\Inetpub\vhosts\walkrun.eng.kmutnb.ac.th\httpdocs\running_app\application\core\Config.php on line 13
[30-May-2017 07:18:50 UTC] PHP Warning:  file_exists(): open_basedir restriction in effect. File(../running_app/application/config/config.development.php) is not within the allowed path(s): (D:/Inetpub/vhosts/walkrun.eng.kmutnb.ac.th\;C:\Windows\Temp\) in D:\Inetpub\vhosts\walkrun.eng.kmutnb.ac.th\httpdocs\running_app\application\core\Config.php on line 13
[30-May-2017 07:18:50 UTC] PHP Warning:  file_exists(): open_basedir restriction in effect. File(../running_app/application/config/config.development.php) is not within the allowed path(s): (D:/Inetpub/vhosts/walkrun.eng.kmutnb.ac.th\;C:\Windows\Temp\) in D:\Inetpub\vhosts\walkrun.eng.kmutnb.ac.th\httpdocs\running_app\application\core\Config.php on line 13
[30-May-2017 07:18:50 UTC] PHP Warning:  file_exists(): open_basedir restriction in effect. File(../running_app/application/config/config.development.php) is not within the allowed path(s): (D:/Inetpub/vhosts/walkrun.eng.kmutnb.ac.th\;C:\Windows\Temp\) in D:\Inetpub\vhosts\walkrun.eng.kmutnb.ac.th\httpdocs\running_app\application\core\Config.php on line 13
[30-May-2017 07:18:50 UTC] PHP Warning:  require(ErrorController.php): failed to open stream: No such file or directory in D:\Inetpub\vhosts\walkrun.eng.kmutnb.ac.th\httpdocs\running_app\application\core\Application.php on line 56
[30-May-2017 07:18:50 UTC] PHP Fatal error:  require(): Failed opening required 'ErrorController.php' (include_path='.;.\includes;.\pear') in D:\Inetpub\vhosts\walkrun.eng.kmutnb.ac.th\httpdocs\running_app\application\core\Application.php on line 56
[30-May-2017 07:18:56 UTC] PHP Warning:  file_exists(): open_basedir restriction in effect. File(../running_app/application/config/config.development.php) is not within the allowed path(s): (D:/Inetpub/vhosts/walkrun.eng.kmutnb.ac.th\;C:\Windows\Temp\) in D:\Inetpub\vhosts\walkrun.eng.kmutnb.ac.th\httpdocs\running_app\application\core\Config.php on line 13
[30-May-2017 07:18:56 UTC] PHP Warning:  file_exists(): open_basedir restriction in effect. File(../running_app/application/config/config.development.php) is not within the allowed path(s): (D:/Inetpub/vhosts/walkrun.eng.kmutnb.ac.th\;C:\Windows\Temp\) in D:\Inetpub\vhosts\walkrun.eng.kmutnb.ac.th\httpdocs\running_app\application\core\Config.php on line 13
[30-May-2017 07:18:56 UTC] PHP Warning:  file_exists(): open_basedir restriction in effect. File(../running_app/application/config/config.development.php) is not within the allowed path(s): (D:/Inetpub/vhosts/walkrun.eng.kmutnb.ac.th\;C:\Windows\Temp\) in D:\Inetpub\vhosts\walkrun.eng.kmutnb.ac.th\httpdocs\running_app\application\core\Config.php on line 13
[30-May-2017 07:18:56 UTC] PHP Warning:  file_exists(): open_basedir restriction in effect. File(../running_app/application/config/config.development.php) is not within the allowed path(s): (D:/Inetpub/vhosts/walkrun.eng.kmutnb.ac.th\;C:\Windows\Temp\) in D:\Inetpub\vhosts\walkrun.eng.kmutnb.ac.th\httpdocs\running_app\application\core\Config.php on line 13
[30-May-2017 07:18:56 UTC] PHP Warning:  require(ErrorController.php): failed to open stream: No such file or directory in D:\Inetpub\vhosts\walkrun.eng.kmutnb.ac.th\httpdocs\running_app\application\core\Application.php on line 56
[30-May-2017 07:18:56 UTC] PHP Fatal error:  require(): Failed opening required 'ErrorController.php' (include_path='.;.\includes;.\pear') in D:\Inetpub\vhosts\walkrun.eng.kmutnb.ac.th\httpdocs\running_app\application\core\Application.php on line 56
[30-May-2017 07:19:38 UTC] PHP Warning:  file_exists(): open_basedir restriction in effect. File(../running_app/application/config/config.development.php) is not within the allowed path(s): (D:/Inetpub/vhosts/walkrun.eng.kmutnb.ac.th\;C:\Windows\Temp\) in D:\Inetpub\vhosts\walkrun.eng.kmutnb.ac.th\httpdocs\running_app\application\core\Config.php on line 13
[30-May-2017 07:19:38 UTC] PHP Warning:  file_exists(): open_basedir restriction in effect. File(../running_app/application/config/config.development.php) is not within the allowed path(s): (D:/Inetpub/vhosts/walkrun.eng.kmutnb.ac.th\;C:\Windows\Temp\) in D:\Inetpub\vhosts\walkrun.eng.kmutnb.ac.th\httpdocs\running_app\application\core\Config.php on line 13
[30-May-2017 07:19:38 UTC] PHP Warning:  file_exists(): open_basedir restriction in effect. File(../running_app/application/config/config.development.php) is not within the allowed path(s): (D:/Inetpub/vhosts/walkrun.eng.kmutnb.ac.th\;C:\Windows\Temp\) in D:\Inetpub\vhosts\walkrun.eng.kmutnb.ac.th\httpdocs\running_app\application\core\Config.php on line 13
[30-May-2017 07:19:38 UTC] PHP Warning:  file_exists(): open_basedir restriction in effect. File(../running_app/application/config/config.development.php) is not within the allowed path(s): (D:/Inetpub/vhosts/walkrun.eng.kmutnb.ac.th\;C:\Windows\Temp\) in D:\Inetpub\vhosts\walkrun.eng.kmutnb.ac.th\httpdocs\running_app\application\core\Config.php on line 13
[30-May-2017 07:19:38 UTC] PHP Warning:  require(ErrorController.php): failed to open stream: No such file or directory in D:\Inetpub\vhosts\walkrun.eng.kmutnb.ac.th\httpdocs\running_app\application\core\Application.php on line 56
[30-May-2017 07:19:38 UTC] PHP Fatal error:  require(): Failed opening required 'ErrorController.php' (include_path='.;.\includes;.\pear') in D:\Inetpub\vhosts\walkrun.eng.kmutnb.ac.th\httpdocs\running_app\application\core\Application.php on line 56
[30-May-2017 08:54:53 UTC] PHP Fatal error:  Using $this when not in object context in D:\Inetpub\vhosts\walkrun.eng.kmutnb.ac.th\httpdocs\running_app\application\view\site\home.php on line 5
[30-May-2017 08:55:13 UTC] PHP Fatal error:  Using $this when not in object context in D:\Inetpub\vhosts\walkrun.eng.kmutnb.ac.th\httpdocs\running_app\application\view\site\home.php on line 5
[30-May-2017 08:56:05 UTC] PHP Fatal error:  Using $this when not in object context in D:\Inetpub\vhosts\walkrun.eng.kmutnb.ac.th\httpdocs\running_app\application\view\site\map.php on line 5
[30-May-2017 08:59:04 UTC] PHP Fatal error:  Using $this when not in object context in D:\Inetpub\vhosts\walkrun.eng.kmutnb.ac.th\httpdocs\running_app\application\view\site\map.php on line 5
[30-May-2017 09:00:00 UTC] PHP Fatal error:  Using $this when not in object context in D:\Inetpub\vhosts\walkrun.eng.kmutnb.ac.th\httpdocs\running_app\application\view\site\map.php on line 5
[30-May-2017 18:45:09 Asia/Bangkok] PHP Warning:  session_start(): Cannot send session cache limiter - headers already sent (output started at D:\Inetpub\vhosts\walkrun.eng.kmutnb.ac.th\httpdocs\running_app\vendor\composer\autoload_real.php:4) in D:\Inetpub\vhosts\walkrun.eng.kmutnb.ac.th\httpdocs\running_app\application\core\Session.php on line 18
[30-May-2017 18:45:09 Asia/Bangkok] PHP Warning:  Cannot modify header information - headers already sent by (output started at D:\Inetpub\vhosts\walkrun.eng.kmutnb.ac.th\httpdocs\running_app\vendor\composer\autoload_real.php:4) in D:\Inetpub\vhosts\walkrun.eng.kmutnb.ac.th\httpdocs\running_app\application\core\Redirect.php on line 26
[30-May-2017 18:45:29 Asia/Bangkok] PHP Warning:  session_start(): Cannot send session cache limiter - headers already sent (output started at D:\Inetpub\vhosts\walkrun.eng.kmutnb.ac.th\httpdocs\running_app\vendor\composer\autoload_real.php:4) in D:\Inetpub\vhosts\walkrun.eng.kmutnb.ac.th\httpdocs\running_app\application\core\Session.php on line 18
[30-May-2017 18:45:29 Asia/Bangkok] PHP Warning:  Cannot modify header information - headers already sent by (output started at D:\Inetpub\vhosts\walkrun.eng.kmutnb.ac.th\httpdocs\running_app\vendor\composer\autoload_real.php:4) in D:\Inetpub\vhosts\walkrun.eng.kmutnb.ac.th\httpdocs\running_app\application\core\Redirect.php on line 26
[30-May-2017 18:47:21 Asia/Bangkok] PHP Warning:  session_start(): Cannot send session cache limiter - headers already sent (output started at D:\Inetpub\vhosts\walkrun.eng.kmutnb.ac.th\httpdocs\running_app\vendor\composer\autoload_real.php:4) in D:\Inetpub\vhosts\walkrun.eng.kmutnb.ac.th\httpdocs\running_app\application\core\Session.php on line 18
[30-May-2017 18:47:21 Asia/Bangkok] PHP Warning:  Cannot modify header information - headers already sent by (output started at D:\Inetpub\vhosts\walkrun.eng.kmutnb.ac.th\httpdocs\running_app\vendor\composer\autoload_real.php:4) in D:\Inetpub\vhosts\walkrun.eng.kmutnb.ac.th\httpdocs\running_app\application\core\Redirect.php on line 26
[30-May-2017 18:48:32 Asia/Bangkok] PHP Warning:  session_start(): Cannot send session cache limiter - headers already sent (output started at D:\Inetpub\vhosts\walkrun.eng.kmutnb.ac.th\httpdocs\running_app\vendor\composer\autoload_real.php:4) in D:\Inetpub\vhosts\walkrun.eng.kmutnb.ac.th\httpdocs\running_app\application\core\Session.php on line 18
[30-May-2017 18:48:32 Asia/Bangkok] PHP Warning:  Cannot modify header information - headers already sent by (output started at D:\Inetpub\vhosts\walkrun.eng.kmutnb.ac.th\httpdocs\running_app\vendor\composer\autoload_real.php:4) in D:\Inetpub\vhosts\walkrun.eng.kmutnb.ac.th\httpdocs\running_app\application\core\Redirect.php on line 26
[30-May-2017 18:50:37 Asia/Bangkok] PHP Warning:  session_start(): Cannot send session cookie - headers already sent by (output started at D:\Inetpub\vhosts\walkrun.eng.kmutnb.ac.th\httpdocs\running_app\vendor\composer\autoload_real.php:4) in D:\Inetpub\vhosts\walkrun.eng.kmutnb.ac.th\httpdocs\running_app\application\core\Session.php on line 18
[30-May-2017 18:50:37 Asia/Bangkok] PHP Warning:  session_start(): Cannot send session cache limiter - headers already sent (output started at D:\Inetpub\vhosts\walkrun.eng.kmutnb.ac.th\httpdocs\running_app\vendor\composer\autoload_real.php:4) in D:\Inetpub\vhosts\walkrun.eng.kmutnb.ac.th\httpdocs\running_app\application\core\Session.php on line 18
[30-May-2017 18:50:37 Asia/Bangkok] PHP Warning:  Cannot modify header information - headers already sent by (output started at D:\Inetpub\vhosts\walkrun.eng.kmutnb.ac.th\httpdocs\running_app\vendor\composer\autoload_real.php:4) in D:\Inetpub\vhosts\walkrun.eng.kmutnb.ac.th\httpdocs\running_app\application\core\Redirect.php on line 26
[30-May-2017 11:51:52 UTC] PHP Fatal error:  Class 'ComposerAutoloaderInit04e7483054e1e67422258ad5cf8810b6' not found in D:\Inetpub\vhosts\walkrun.eng.kmutnb.ac.th\httpdocs\running_app\vendor\autoload.php on line 7
[30-May-2017 11:54:01 UTC] PHP Warning:  Unterminated comment starting line 5 in D:\Inetpub\vhosts\walkrun.eng.kmutnb.ac.th\httpdocs\running_app\vendor\composer\autoload_real.php on line 5
[30-May-2017 11:54:01 UTC] PHP Fatal error:  Class 'ComposerAutoloaderInit04e7483054e1e67422258ad5cf8810b6' not found in D:\Inetpub\vhosts\walkrun.eng.kmutnb.ac.th\httpdocs\running_app\vendor\autoload.php on line 7
[30-May-2017 12:28:33 UTC] PHP Warning:  Unterminated comment starting line 5 in D:\Inetpub\vhosts\walkrun.eng.kmutnb.ac.th\httpdocs\running_app\vendor\composer\autoload_real.php on line 5
[30-May-2017 12:28:33 UTC] PHP Fatal error:  Class 'ComposerAutoloaderInit04e7483054e1e67422258ad5cf8810b6' not found in D:\Inetpub\vhosts\walkrun.eng.kmutnb.ac.th\httpdocs\running_app\vendor\autoload.php on line 7
[30-May-2017 12:28:43 UTC] PHP Warning:  Unterminated comment starting line 5 in D:\Inetpub\vhosts\walkrun.eng.kmutnb.ac.th\httpdocs\running_app\vendor\composer\autoload_real.php on line 5
[30-May-2017 12:28:43 UTC] PHP Fatal error:  Class 'ComposerAutoloaderInit04e7483054e1e67422258ad5cf8810b6' not found in D:\Inetpub\vhosts\walkrun.eng.kmutnb.ac.th\httpdocs\running_app\vendor\autoload.php on line 7
[30-May-2017 12:28:59 UTC] PHP Warning:  Unterminated comment starting line 5 in D:\Inetpub\vhosts\walkrun.eng.kmutnb.ac.th\httpdocs\running_app\vendor\composer\autoload_real.php on line 5
[30-May-2017 12:28:59 UTC] PHP Fatal error:  Class 'ComposerAutoloaderInit04e7483054e1e67422258ad5cf8810b6' not found in D:\Inetpub\vhosts\walkrun.eng.kmutnb.ac.th\httpdocs\running_app\vendor\autoload.php on line 7
[30-May-2017 12:29:08 UTC] PHP Warning:  Unterminated comment starting line 5 in D:\Inetpub\vhosts\walkrun.eng.kmutnb.ac.th\httpdocs\running_app\vendor\composer\autoload_real.php on line 5
[30-May-2017 12:29:08 UTC] PHP Fatal error:  Class 'ComposerAutoloaderInit04e7483054e1e67422258ad5cf8810b6' not found in D:\Inetpub\vhosts\walkrun.eng.kmutnb.ac.th\httpdocs\running_app\vendor\autoload.php on line 7
[30-May-2017 12:29:13 UTC] PHP Warning:  Unterminated comment starting line 5 in D:\Inetpub\vhosts\walkrun.eng.kmutnb.ac.th\httpdocs\running_app\vendor\composer\autoload_real.php on line 5
[30-May-2017 12:29:13 UTC] PHP Fatal error:  Class 'ComposerAutoloaderInit04e7483054e1e67422258ad5cf8810b6' not found in D:\Inetpub\vhosts\walkrun.eng.kmutnb.ac.th\httpdocs\running_app\vendor\autoload.php on line 7
[30-May-2017 12:29:33 UTC] PHP Warning:  Unterminated comment starting line 5 in D:\Inetpub\vhosts\walkrun.eng.kmutnb.ac.th\httpdocs\running_app\vendor\composer\autoload_real.php on line 5
[30-May-2017 12:29:33 UTC] PHP Fatal error:  Class 'ComposerAutoloaderInit04e7483054e1e67422258ad5cf8810b6' not found in D:\Inetpub\vhosts\walkrun.eng.kmutnb.ac.th\httpdocs\running_app\vendor\autoload.php on line 7
[30-May-2017 12:32:09 UTC] PHP Warning:  Unterminated comment starting line 6 in D:\Inetpub\vhosts\walkrun.eng.kmutnb.ac.th\httpdocs\running_app\vendor\composer\autoload_real.php on line 6
[30-May-2017 12:32:12 UTC] PHP Warning:  Unterminated comment starting line 6 in D:\Inetpub\vhosts\walkrun.eng.kmutnb.ac.th\httpdocs\running_app\vendor\composer\autoload_real.php on line 6
[30-May-2017 12:32:27 UTC] PHP Warning:  Unterminated comment starting line 6 in D:\Inetpub\vhosts\walkrun.eng.kmutnb.ac.th\httpdocs\running_app\vendor\composer\autoload_real.php on line 6
[30-May-2017 12:34:02 UTC] PHP Warning:  Unterminated comment starting line 6 in D:\Inetpub\vhosts\walkrun.eng.kmutnb.ac.th\httpdocs\running_app\vendor\composer\autoload_real.php on line 6
[30-May-2017 13:30:24 UTC] PHP Warning:  Unterminated comment starting line 6 in D:\Inetpub\vhosts\walkrun.eng.kmutnb.ac.th\httpdocs\running_app\vendor\composer\autoload_real.php on line 6
[30-May-2017 13:32:14 UTC] PHP Warning:  Unterminated comment starting line 6 in D:\Inetpub\vhosts\walkrun.eng.kmutnb.ac.th\httpdocs\running_app\vendor\composer\autoload_real.php on line 6
[30-May-2017 17:21:50 UTC] PHP Warning:  Unterminated comment starting line 6 in D:\Inetpub\vhosts\walkrun.eng.kmutnb.ac.th\httpdocs\running_app\vendor\composer\autoload_real.php on line 6
[30-May-2017 17:34:18 UTC] PHP Warning:  Unterminated comment starting line 6 in D:\Inetpub\vhosts\walkrun.eng.kmutnb.ac.th\httpdocs\running_app\vendor\composer\autoload_real.php on line 6
